2024-05-27 12:42:25,114 [Worker-1: Loading available Gradle versions] INFO  o.e.b.c.i.u.g.PublishedGradleVersions - Gradle version information cache is not available. Remote download required.
2024-05-27 12:58:42,915 [Worker-6: Loading available Gradle versions] INFO  o.e.b.c.i.u.g.PublishedGradleVersions - Gradle version information cache is up-to-date. Trying to read.
2024-05-27 13:00:18,905 [Start Help Server] INFO  org.eclipse.jetty.server.Server - jetty-12.0.6; built: 2024-01-30T02:43:24.387Z; git: 78ab6e6ba163f89cdd97f2ae0283fbb5e371cfaf; jvm 19.0.2+7-44
2024-05-27 13:00:18,971 [Start Help Server] INFO  o.e.j.server.handler.ContextHandler - Started oeje8n.ContextHandler$CoreContextHandler@59ef73c3{/help,/help,b=null,a=AVAILABLE,h=oeje8n.ContextHandler$CoreContextHandler$CoreToNestedHandler@4fa251a7{STARTED}}
2024-05-27 13:00:18,979 [Start Help Server] INFO  o.e.j.s.DefaultSessionIdManager - Session workerName=node0
2024-05-27 13:00:19,019 [Start Help Server] INFO  o.e.jetty.server.AbstractConnector - Started ServerConnector@75062f9e{HTTP/1.1, (http/1.1)}{127.0.0.1:53466}
2024-05-27 13:00:19,027 [Start Help Server] INFO  org.eclipse.jetty.server.Server - Started oejs.Server@3c723eb5{STARTING}[12.0.6,sto=0] @123795ms
2024-05-27 13:17:12,665 [Stop Help Server] INFO  org.eclipse.jetty.server.Server - Stopped oejs.Server@3c723eb5{STOPPING}[12.0.6,sto=0]
2024-05-27 13:17:12,682 [Stop Help Server] INFO  o.e.jetty.server.AbstractConnector - Stopped ServerConnector@75062f9e{HTTP/1.1, (http/1.1)}{127.0.0.1:0}
2024-05-27 13:17:53,373 [Worker-5: Loading available Gradle versions] INFO  o.e.b.c.i.u.g.PublishedGradleVersions - Gradle version information cache is up-to-date. Trying to read.
2024-05-28 10:45:20,785 [Worker-6: Loading available Gradle versions] INFO  o.e.b.c.i.u.g.PublishedGradleVersions - Gradle version information cache is up-to-date. Trying to read.
2024-05-28 10:46:29,996 [Worker-5: Loading available Gradle versions] INFO  o.e.b.c.i.u.g.PublishedGradleVersions - Gradle version information cache is up-to-date. Trying to read.
2024-05-28 11:46:00,602 [main] INFO  org.eclipse.jetty.server.Server - jetty-12.0.6; built: 2024-01-30T02:43:24.387Z; git: 78ab6e6ba163f89cdd97f2ae0283fbb5e371cfaf; jvm 19.0.2+7-44
2024-05-28 11:46:00,655 [main] INFO  o.e.j.server.handler.ContextHandler - Started oeje8n.ContextHandler$CoreContextHandler@2d53aea0{/wse,/wse,b=null,a=AVAILABLE,h=oeje8n.ContextHandler$CoreContextHandler$CoreToNestedHandler@4c6f776d{STARTED}}
2024-05-28 11:46:00,656 [main] INFO  o.e.j.s.DefaultSessionIdManager - Session workerName=node0
2024-05-28 11:46:00,689 [main] INFO  o.e.jetty.server.AbstractConnector - Started ServerConnector@2c580f1d{HTTP/1.1, (http/1.1)}{0.0.0.0:59372}
2024-05-28 11:46:00,693 [main] INFO  org.eclipse.jetty.server.Server - Started oejs.Server@5d4006c6{STARTING}[12.0.6,sto=0] @3581875ms
2024-05-28 11:46:01,067 [qtp737938213-216] INFO  o.e.j.e.nested.ContextHandler._wse - Warning: No org.apache.tomcat.JarScanner set in ServletContext. Falling back to default JarScanner implementation.
2024-05-28 11:59:07,759 [Framework stop - Equinox Container: f5919aa4-bd5c-4b50-a43e-e83dbbdbb4ae] INFO  org.eclipse.jetty.server.Server - Stopped oejs.Server@5d4006c6{STOPPING}[12.0.6,sto=0]
2024-05-28 11:59:07,765 [Framework stop - Equinox Container: f5919aa4-bd5c-4b50-a43e-e83dbbdbb4ae] INFO  o.e.jetty.server.AbstractConnector - Stopped ServerConnector@2c580f1d{HTTP/1.1, (http/1.1)}{0.0.0.0:0}
2024-06-05 21:39:26,864 [Worker-2: Loading available Gradle versions] INFO  o.e.b.c.i.u.g.PublishedGradleVersions - Gradle version information cache is out-of-date. Trying to update.
2024-06-07 12:11:41,969 [Worker-6: Loading available Gradle versions] INFO  o.e.b.c.i.u.g.PublishedGradleVersions - Gradle version information cache is out-of-date. Trying to update.
2024-06-10 13:32:52,128 [Worker-2: Loading available Gradle versions] INFO  o.e.b.c.i.u.g.PublishedGradleVersions - Gradle version information cache is out-of-date. Trying to update.
2024-06-11 16:23:29,339 [Worker-2: Loading available Gradle versions] INFO  o.e.b.c.i.u.g.PublishedGradleVersions - Gradle version information cache is out-of-date. Trying to update.
2024-06-11 16:39:46,730 [Worker-7: Loading available Gradle versions] INFO  o.e.b.c.i.u.g.PublishedGradleVersions - Gradle version information cache is up-to-date. Trying to read.
2024-06-11 23:53:11,780 [Worker-1: Loading available Gradle versions] INFO  o.e.b.c.i.u.g.PublishedGradleVersions - Gradle version information cache is up-to-date. Trying to read.
